
2025-11-25 08:15:13, Dir: C:\xampp\htdocs\TeamPoint\modules\views\blocks\menu.php, Line: 54
Array
(
    [user_id] => 1
)


2025-11-25 08:17:03, Dir: C:\xampp\htdocs\TeamPoint\modules\views\blocks\menu.php, Line: 54
Array
(
    [user_id] => 1
)


2025-11-25 08:18:14, Dir: C:\xampp\htdocs\TeamPoint\modules\views\blocks\menu.php, Line: 54
Array
(
    [user_id] => 1
)


2025-11-25 08:18:36, Dir: C:\xampp\htdocs\TeamPoint\modules\views\blocks\menu.php, Line: 54
Array
(
    [user_id] => 1
)


2025-11-25 08:19:04, Dir: C:\xampp\htdocs\TeamPoint\modules\views\blocks\menu.php, Line: 54
Array
(
    [user_id] => 1
)


2025-11-25 16:26:18, Dir: C:\xampp\htdocs\TeamPoint\modules\views\blocks\menu.php, Line: 54
Array
(
    [user_id] => 1
)


2025-11-25 16:26:19, Dir: C:\xampp\htdocs\TeamPoint\modules\views\blocks\menu.php, Line: 54
Array
(
    [user_id] => 1
)


2025-11-25 16:26:21, Dir: C:\xampp\htdocs\TeamPoint\modules\views\blocks\menu.php, Line: 54
Array
(
    [user_id] => 1
)


2025-11-28 06:05:17, Dir: C:\xampp\htdocs\TeamPoint\modules\views\blocks\menu.php, Line: 54
Array
(
    [user_id] => 1
)


2025-11-28 06:05:22, Dir: C:\xampp\htdocs\TeamPoint\modules\views\blocks\menu.php, Line: 54
Array
(
    [user_id] => 1
)


2025-11-28 06:05:27, Dir: C:\xampp\htdocs\TeamPoint\modules\views\blocks\menu.php, Line: 54
Array
(
    [user_id] => 1
)


2025-11-28 06:20:01, Dir: C:\xampp\htdocs\TeamPoint\modules\views\blocks\menu.php, Line: 54
Array
(
    [user_id] => 1
)


2025-11-28 06:23:06, Dir: C:\xampp\htdocs\TeamPoint\modules\views\blocks\menu.php, Line: 54
Array
(
    [user_id] => 1
)


2025-11-28 06:29:12, Dir: C:\xampp\htdocs\TeamPoint\modules\views\blocks\menu.php, Line: 54
Array
(
    [user_id] => 1
)


2025-11-28 06:30:34, Dir: C:\xampp\htdocs\TeamPoint\modules\views\blocks\menu.php, Line: 54
Array
(
    [user_id] => 1
)


2025-11-28 06:30:50, Dir: C:\xampp\htdocs\TeamPoint\modules\views\blocks\menu.php, Line: 54
Array
(
    [user_id] => 1
)


2025-11-28 06:31:06, Dir: C:\xampp\htdocs\TeamPoint\modules\views\blocks\menu.php, Line: 54
Array
(
    [user_id] => 1
)


2025-11-28 06:31:57, Dir: C:\xampp\htdocs\TeamPoint\modules\views\blocks\menu.php, Line: 54
Array
(
    [user_id] => 1
)


2025-11-28 06:32:14, Dir: C:\xampp\htdocs\TeamPoint\modules\views\blocks\menu.php, Line: 54
Array
(
    [user_id] => 1
)


2025-11-28 06:33:23, Dir: C:\xampp\htdocs\TeamPoint\modules\views\blocks\menu.php, Line: 54
Array
(
    [user_id] => 1
)


2025-11-28 06:34:35, Dir: C:\xampp\htdocs\TeamPoint\modules\views\blocks\menu.php, Line: 54
Array
(
    [user_id] => 1
)


2025-11-28 06:35:03, Dir: C:\xampp\htdocs\TeamPoint\modules\views\blocks\menu.php, Line: 54
Array
(
    [user_id] => 1
)


2025-11-28 06:36:04, Dir: C:\xampp\htdocs\TeamPoint\modules\views\blocks\menu.php, Line: 54
Array
(
    [user_id] => 1
)


2025-11-28 06:36:33, Dir: C:\xampp\htdocs\TeamPoint\modules\views\blocks\menu.php, Line: 54
Array
(
    [user_id] => 1
)


2025-11-28 06:40:59, Dir: C:\xampp\htdocs\TeamPoint\modules\views\blocks\menu.php, Line: 54
Array
(
    [user_id] => 1
)


2025-11-28 06:42:26, Dir: C:\xampp\htdocs\TeamPoint\modules\views\blocks\menu.php, Line: 54
Array
(
    [user_id] => 1
)


2025-11-28 06:45:12, Dir: C:\xampp\htdocs\TeamPoint\modules\views\blocks\menu.php, Line: 54
Array
(
    [user_id] => 1
)


2025-11-28 06:47:10, Dir: C:\xampp\htdocs\TeamPoint\modules\views\blocks\menu.php, Line: 54
Array
(
    [user_id] => 1
)


2025-11-28 06:48:41, Dir: C:\xampp\htdocs\TeamPoint\modules\views\blocks\menu.php, Line: 54
Array
(
    [user_id] => 1
)


2025-11-28 06:50:03, Dir: C:\xampp\htdocs\TeamPoint\modules\views\blocks\menu.php, Line: 54
Array
(
    [user_id] => 1
)


2025-11-28 06:50:51, Dir: C:\xampp\htdocs\TeamPoint\modules\views\blocks\menu.php, Line: 54
Array
(
    [user_id] => 1
)


2025-11-28 06:52:31, Dir: C:\xampp\htdocs\TeamPoint\modules\views\blocks\menu.php, Line: 54
Array
(
    [user_id] => 1
)


2025-11-28 06:54:44, Dir: C:\xampp\htdocs\TeamPoint\modules\views\blocks\menu.php, Line: 54
Array
(
    [user_id] => 1
)


2025-11-28 06:56:45, Dir: C:\xampp\htdocs\TeamPoint\modules\views\blocks\menu.php, Line: 54
Array
(
    [user_id] => 1
)


2025-11-28 06:57:16, Dir: C:\xampp\htdocs\TeamPoint\modules\views\blocks\menu.php, Line: 54
Array
(
    [user_id] => 1
)


2025-11-28 06:58:43, Dir: C:\xampp\htdocs\TeamPoint\modules\views\blocks\menu.php, Line: 54
Array
(
    [user_id] => 1
)


2025-11-28 07:00:07, Dir: C:\xampp\htdocs\TeamPoint\modules\views\blocks\menu.php, Line: 54
Array
(
    [user_id] => 1
)


2025-11-28 07:02:07, Dir: C:\xampp\htdocs\TeamPoint\modules\views\blocks\menu.php, Line: 54
Array
(
    [user_id] => 1
)


2025-11-28 07:04:29, Dir: C:\xampp\htdocs\TeamPoint\modules\views\blocks\menu.php, Line: 54
Array
(
    [user_id] => 1
)


2025-11-28 07:06:20, Dir: C:\xampp\htdocs\TeamPoint\modules\views\blocks\menu.php, Line: 54
Array
(
    [user_id] => 1
)


2025-11-28 07:06:43, Dir: C:\xampp\htdocs\TeamPoint\modules\views\blocks\menu.php, Line: 54
Array
(
    [user_id] => 1
)


2025-11-28 07:08:28, Dir: C:\xampp\htdocs\TeamPoint\modules\views\blocks\menu.php, Line: 54
Array
(
    [user_id] => 1
)


2025-11-28 07:12:57, Dir: C:\xampp\htdocs\TeamPoint\modules\views\blocks\menu.php, Line: 54
Array
(
    [user_id] => 1
)


2025-11-28 07:14:57, Dir: C:\xampp\htdocs\TeamPoint\modules\views\blocks\menu.php, Line: 54
Array
(
    [user_id] => 1
)


2025-11-28 07:15:40, Dir: C:\xampp\htdocs\TeamPoint\modules\views\blocks\menu.php, Line: 54
Array
(
    [user_id] => 1
)


2025-11-28 07:16:41, Dir: C:\xampp\htdocs\TeamPoint\modules\views\blocks\menu.php, Line: 54
Array
(
    [user_id] => 1
)


2025-11-28 07:21:20, Dir: C:\xampp\htdocs\TeamPoint\modules\views\blocks\menu.php, Line: 54
Array
(
    [user_id] => 1
)


2025-11-28 07:22:42, Dir: C:\xampp\htdocs\TeamPoint\modules\views\blocks\menu.php, Line: 54
Array
(
    [user_id] => 1
)


2025-11-28 07:24:34, Dir: C:\xampp\htdocs\TeamPoint\modules\views\blocks\menu.php, Line: 54
Array
(
    [user_id] => 1
)


2025-11-28 07:25:41, Dir: C:\xampp\htdocs\TeamPoint\modules\views\blocks\menu.php, Line: 54
Array
(
    [user_id] => 1
)


2025-11-28 07:27:36, Dir: C:\xampp\htdocs\TeamPoint\modules\views\blocks\menu.php, Line: 54
Array
(
    [user_id] => 1
)


2025-11-28 07:29:36, Dir: C:\xampp\htdocs\TeamPoint\modules\views\blocks\menu.php, Line: 54
Array
(
    [user_id] => 1
)


2025-11-28 07:29:47, Dir: C:\xampp\htdocs\TeamPoint\modules\views\blocks\menu.php, Line: 54
Array
(
    [user_id] => 1
)


2025-11-28 07:34:49, Dir: C:\xampp\htdocs\TeamPoint\modules\views\blocks\menu.php, Line: 54
Array
(
    [user_id] => 1
)


2025-11-28 07:36:50, Dir: C:\xampp\htdocs\TeamPoint\modules\views\blocks\menu.php, Line: 54
Array
(
    [user_id] => 1
)


2025-11-28 07:37:38, Dir: C:\xampp\htdocs\TeamPoint\modules\views\blocks\menu.php, Line: 54
Array
(
    [user_id] => 1
)


2025-11-28 07:38:28, Dir: C:\xampp\htdocs\TeamPoint\modules\views\blocks\menu.php, Line: 54
Array
(
    [user_id] => 1
)


2025-11-28 07:43:54, Dir: C:\xampp\htdocs\TeamPoint\modules\views\blocks\menu.php, Line: 54
Array
(
    [user_id] => 1
)


2025-11-28 07:45:38, Dir: C:\xampp\htdocs\TeamPoint\modules\views\blocks\menu.php, Line: 54
Array
(
    [user_id] => 1
)


2025-11-28 07:46:39, Dir: C:\xampp\htdocs\TeamPoint\modules\views\blocks\menu.php, Line: 54
Array
(
    [user_id] => 1
)


2025-11-28 07:48:59, Dir: C:\xampp\htdocs\TeamPoint\modules\views\blocks\menu.php, Line: 54
Array
(
    [user_id] => 1
)


2025-11-28 07:49:33, Dir: C:\xampp\htdocs\TeamPoint\modules\views\blocks\menu.php, Line: 54
Array
(
    [user_id] => 1
)


2025-11-28 07:50:34, Dir: C:\xampp\htdocs\TeamPoint\modules\views\blocks\menu.php, Line: 54
Array
(
    [user_id] => 1
)


2025-11-28 07:52:33, Dir: C:\xampp\htdocs\TeamPoint\modules\views\blocks\menu.php, Line: 54
Array
(
    [user_id] => 1
)


2025-11-28 07:54:31, Dir: C:\xampp\htdocs\TeamPoint\modules\views\blocks\menu.php, Line: 54
Array
(
    [user_id] => 1
)


2025-11-28 07:55:16, Dir: C:\xampp\htdocs\TeamPoint\modules\views\blocks\menu.php, Line: 54
Array
(
    [user_id] => 1
)


2025-11-28 07:55:56, Dir: C:\xampp\htdocs\TeamPoint\modules\views\blocks\menu.php, Line: 54
Array
(
    [user_id] => 1
)


2025-11-28 07:57:56, Dir: C:\xampp\htdocs\TeamPoint\modules\views\blocks\menu.php, Line: 54
Array
(
    [user_id] => 1
)


2025-11-28 07:58:38, Dir: C:\xampp\htdocs\TeamPoint\modules\views\blocks\menu.php, Line: 54
Array
(
    [user_id] => 1
)


2025-11-28 08:00:07, Dir: C:\xampp\htdocs\TeamPoint\modules\views\blocks\menu.php, Line: 54
Array
(
    [user_id] => 1
)


2025-11-28 08:00:24, Dir: C:\xampp\htdocs\TeamPoint\modules\views\blocks\menu.php, Line: 54
Array
(
    [user_id] => 1
)


2025-11-28 08:00:36, Dir: C:\xampp\htdocs\TeamPoint\modules\views\blocks\menu.php, Line: 54
Array
(
    [user_id] => 1
)


2025-11-28 08:01:30, Dir: C:\xampp\htdocs\TeamPoint\modules\views\blocks\menu.php, Line: 54
Array
(
    [user_id] => 1
)


2025-11-28 08:06:08, Dir: C:\xampp\htdocs\TeamPoint\modules\views\blocks\menu.php, Line: 54
Array
(
    [user_id] => 1
)


2025-11-28 08:15:44, Dir: C:\xampp\htdocs\TeamPoint\modules\views\blocks\menu.php, Line: 54
Array
(
    [user_id] => 1
)


2025-11-28 08:15:47, Dir: C:\xampp\htdocs\TeamPoint\modules\views\blocks\menu.php, Line: 54
Array
(
    [user_id] => 1
)


2025-11-28 08:16:58, Dir: C:\xampp\htdocs\TeamPoint\modules\views\blocks\menu.php, Line: 54
Array
(
    [user_id] => 1
)


2025-11-28 08:17:03, Dir: C:\xampp\htdocs\TeamPoint\modules\views\blocks\menu.php, Line: 54
Array
(
    [user_id] => 1
)


2025-11-28 08:17:09, Dir: C:\xampp\htdocs\TeamPoint\modules\views\blocks\menu.php, Line: 54
Array
(
    [user_id] => 1
)


2025-11-28 08:17:11, Dir: C:\xampp\htdocs\TeamPoint\modules\views\blocks\menu.php, Line: 54
Array
(
    [user_id] => 1
)


2025-11-28 08:17:15, Dir: C:\xampp\htdocs\TeamPoint\modules\views\blocks\menu.php, Line: 54
Array
(
    [user_id] => 1
)


2025-11-28 08:17:48, Dir: C:\xampp\htdocs\TeamPoint\modules\views\blocks\menu.php, Line: 54
Array
(
    [user_id] => 1
)


2025-11-28 08:17:51, Dir: C:\xampp\htdocs\TeamPoint\modules\views\blocks\menu.php, Line: 54
Array
(
    [user_id] => 1
)


2025-11-28 08:17:54, Dir: C:\xampp\htdocs\TeamPoint\modules\views\blocks\menu.php, Line: 54
Array
(
    [user_id] => 1
)


2025-11-28 08:18:05, Dir: C:\xampp\htdocs\TeamPoint\modules\views\blocks\menu.php, Line: 54
Array
(
    [user_id] => 1
)


2025-11-28 08:19:07, Dir: C:\xampp\htdocs\TeamPoint\modules\views\blocks\menu.php, Line: 54
Array
(
    [user_id] => 1
)


2025-11-28 08:20:39, Dir: C:\xampp\htdocs\TeamPoint\modules\views\blocks\menu.php, Line: 54
Array
(
    [user_id] => 1
)


2025-11-28 08:34:23, Dir: C:\xampp\htdocs\TeamPoint\modules\views\blocks\menu.php, Line: 54
Array
(
    [user_id] => 1
)


2025-11-28 08:36:04, Dir: C:\xampp\htdocs\TeamPoint\modules\views\blocks\menu.php, Line: 54
Array
(
    [user_id] => 1
)


2025-11-28 08:59:38, Dir: C:\xampp\htdocs\TeamPoint\modules\views\blocks\menu.php, Line: 54
Array
(
    [user_id] => 1
)


2025-11-28 09:01:26, Dir: C:\xampp\htdocs\TeamPoint\modules\views\blocks\menu.php, Line: 54
Array
(
    [user_id] => 1
)


2025-11-28 09:01:41, Dir: C:\xampp\htdocs\TeamPoint\modules\views\blocks\menu.php, Line: 54
Array
(
    [user_id] => 1
)


2025-11-28 09:01:59, Dir: C:\xampp\htdocs\TeamPoint\modules\views\blocks\menu.php, Line: 54
Array
(
    [user_id] => 1
)


2025-11-28 09:02:27, Dir: C:\xampp\htdocs\TeamPoint\modules\views\blocks\menu.php, Line: 54
Array
(
    [user_id] => 1
)


2025-11-29 10:39:03, Dir: C:\xampp\htdocs\TeamPoint\modules\views\blocks\menu.php, Line: 54
Array
(
    [user_id] => 1
)


2025-11-29 10:39:05, Dir: C:\xampp\htdocs\TeamPoint\modules\views\blocks\menu.php, Line: 54
Array
(
    [user_id] => 1
)


2025-11-29 10:39:09, Dir: C:\xampp\htdocs\TeamPoint\modules\views\blocks\menu.php, Line: 54
Array
(
    [user_id] => 1
)


2025-11-29 10:39:49, Dir: C:\xampp\htdocs\TeamPoint\modules\views\blocks\menu.php, Line: 54
Array
(
    [user_id] => 1
)


2025-11-29 10:39:54, Dir: C:\xampp\htdocs\TeamPoint\modules\views\blocks\menu.php, Line: 54
Array
(
    [user_id] => 1
)


2025-11-29 10:40:09, Dir: C:\xampp\htdocs\TeamPoint\modules\views\blocks\menu.php, Line: 54
Array
(
    [user_id] => 1
)


2025-11-29 10:40:10, Dir: C:\xampp\htdocs\TeamPoint\modules\views\blocks\menu.php, Line: 54
Array
(
    [user_id] => 1
)


2025-11-29 10:40:15, Dir: C:\xampp\htdocs\TeamPoint\modules\views\blocks\menu.php, Line: 54
Array
(
    [user_id] => 1
)


2025-11-29 11:38:29, Dir: C:\xampp\htdocs\TeamPoint\modules\views\blocks\menu.php, Line: 54
Array
(
    [user_id] => 1
)


2025-11-29 11:38:57, Dir: C:\xampp\htdocs\TeamPoint\modules\views\blocks\menu.php, Line: 54
Array
(
    [user_id] => 1
)


2025-11-29 11:39:02, Dir: C:\xampp\htdocs\TeamPoint\modules\views\blocks\menu.php, Line: 54
Array
(
    [user_id] => 1
)


2025-11-29 11:39:10, Dir: C:\xampp\htdocs\TeamPoint\modules\views\blocks\menu.php, Line: 54
Array
(
    [user_id] => 1
)


2025-11-29 18:04:53, Dir: C:\xampp\htdocs\TeamPoint\modules\views\blocks\menu.php, Line: 54
Array
(
    [user_id] => 1
)


2025-11-29 18:04:59, Dir: C:\xampp\htdocs\TeamPoint\modules\views\blocks\menu.php, Line: 54
Array
(
    [user_id] => 1
)


2025-11-29 18:05:03, Dir: C:\xampp\htdocs\TeamPoint\modules\views\blocks\menu.php, Line: 54
Array
(
    [user_id] => 1
)


2025-11-29 18:05:13, Dir: C:\xampp\htdocs\TeamPoint\modules\views\blocks\menu.php, Line: 54
Array
(
    [user_id] => 1
)


2025-11-29 18:05:17, Dir: C:\xampp\htdocs\TeamPoint\modules\views\blocks\menu.php, Line: 54
Array
(
    [user_id] => 1
)


2025-11-29 18:11:32, Dir: C:\xampp\htdocs\TeamPoint\modules\views\blocks\menu.php, Line: 54
Array
(
    [user_id] => 1
)


2025-11-29 18:11:35, Dir: C:\xampp\htdocs\TeamPoint\modules\views\blocks\menu.php, Line: 54
Array
(
    [user_id] => 1
)


2025-11-29 18:11:56, Dir: C:\xampp\htdocs\TeamPoint\modules\views\blocks\menu.php, Line: 54
Array
(
    [user_id] => 1
)


2025-11-29 18:12:09, Dir: C:\xampp\htdocs\TeamPoint\modules\views\blocks\menu.php, Line: 54
Array
(
    [user_id] => 1
)


2025-11-29 18:12:13, Dir: C:\xampp\htdocs\TeamPoint\modules\views\blocks\menu.php, Line: 54
Array
(
    [user_id] => 1
)

